0 info it worked if it ends with ok
1 verbose cli [ '/usr/bin/node', '/usr/bin/npm', 'start' ]
2 info using npm@3.8.3
3 info using node@v5.10.1
4 verbose run-script [ 'prestart', 'start', 'poststart' ]
5 info lifecycle ayofash@~prestart: ayofash@
6 silly lifecycle ayofash@~prestart: no script for prestart, continuing
7 info lifecycle ayofash@~start: ayofash@
8 verbose lifecycle ayofash@~start: unsafe-perm in lifecycle true
9 verbose lifecycle ayofash@~start: PATH: /usr/lib/node_modules/npm/bin/node-gyp-bin:/home/ec2-user/Projects/PersonalSite/ayofash/node_modules/.bin:/usr/bin:/home/ec2-user/packages/jdk1.8.0_77/bin:/home/ec2-user/packages/scala-2.11.8/bin:/home/ec2-user/packages/spark-1.6.1-bin-hadoop2.6/bin:/home/ec2-user/packages/mongodb/mongodb-linux-x86_64-3.2.4/bin:/usr/local/bin:/usr/bin:/usr/local/sbin:/usr/sbin:/home/ec2-user/.local/bin:/home/ec2-user/bin
10 verbose lifecycle ayofash@~start: CWD: /home/ec2-user/Projects/PersonalSite/ayofash
11 silly lifecycle ayofash@~start: Args: [ '-c', 'node ./app/scripts/startServer.js' ]
12 silly lifecycle ayofash@~start: Returned: code: 1  signal: null
13 info lifecycle ayofash@~start: Failed to exec start script
14 verbose stack Error: ayofash@ start: `node ./app/scripts/startServer.js`
14 verbose stack Exit status 1
14 verbose stack     at EventEmitter.<anonymous> (/usr/lib/node_modules/npm/lib/utils/lifecycle.js:239:16)
14 verbose stack     at emitTwo (events.js:100:13)
14 verbose stack     at EventEmitter.emit (events.js:185:7)
14 verbose stack     at ChildProcess.<anonymous> (/usr/lib/node_modules/npm/lib/utils/spawn.js:24:14)
14 verbose stack     at emitTwo (events.js:100:13)
14 verbose stack     at ChildProcess.emit (events.js:185:7)
14 verbose stack     at maybeClose (internal/child_process.js:850:16)
14 verbose stack     at Process.ChildProcess._handle.onexit (internal/child_process.js:215:5)
15 verbose pkgid ayofash@
16 verbose cwd /home/ec2-user/Projects/PersonalSite/ayofash
17 error Linux 3.10.0-327.el7.x86_64
18 error argv "/usr/bin/node" "/usr/bin/npm" "start"
19 error node v5.10.1
20 error npm  v3.8.3
21 error code ELIFECYCLE
22 error ayofash@ start: `node ./app/scripts/startServer.js`
22 error Exit status 1
23 error Failed at the ayofash@ start script 'node ./app/scripts/startServer.js'.
23 error Make sure you have the latest version of node.js and npm installed.
23 error If you do, this is most likely a problem with the ayofash package,
23 error not with npm itself.
23 error Tell the author that this fails on your system:
23 error     node ./app/scripts/startServer.js
23 error You can get information on how to open an issue for this project with:
23 error     npm bugs ayofash
23 error Or if that isn't available, you can get their info via:
23 error     npm owner ls ayofash
23 error There is likely additional logging output above.
24 verbose exit [ 1, true ]
